\BOOKMARK [0][-]{chapter*.7}{Abbildungsverzeichnis}{}% 1
\BOOKMARK [0][-]{chapter*.8}{Tabellenverzeichnis}{}% 2
\BOOKMARK [0][-]{chapter*.9}{Quelltexte}{}% 3
\BOOKMARK [0][-]{chapter.1}{Einleitung}{}% 4
\BOOKMARK [0][-]{chapter.2}{Projektmanagement}{}% 5
\BOOKMARK [1][-]{section.2.1}{Metainformationen}{chapter.2}% 6
\BOOKMARK [2][-]{subsection.2.1.1}{Team}{section.2.1}% 7
\BOOKMARK [2][-]{subsection.2.1.2}{Betreuer}{section.2.1}% 8
\BOOKMARK [2][-]{subsection.2.1.3}{Partner}{section.2.1}% 9
\BOOKMARK [2][-]{subsection.2.1.4}{Ansprechpartner}{section.2.1}% 10
\BOOKMARK [1][-]{section.2.2}{Vorerhebungen}{chapter.2}% 11
\BOOKMARK [2][-]{subsection.2.2.1}{Projektzieleplan}{section.2.2}% 12
\BOOKMARK [2][-]{subsection.2.2.2}{Projektumfeld}{section.2.2}% 13
\BOOKMARK [2][-]{subsection.2.2.3}{Risikoanalyse}{section.2.2}% 14
\BOOKMARK [1][-]{section.2.3}{Pflichtenheft}{chapter.2}% 15
\BOOKMARK [2][-]{subsection.2.3.1}{Zielbestimmung}{section.2.3}% 16
\BOOKMARK [2][-]{subsection.2.3.2}{Produkteinsatz und Umgebung}{section.2.3}% 17
\BOOKMARK [2][-]{subsection.2.3.3}{Funktionalit\344ten}{section.2.3}% 18
\BOOKMARK [2][-]{subsection.2.3.4}{Testszenarien und Testf\344lle}{section.2.3}% 19
\BOOKMARK [2][-]{subsection.2.3.5}{Liefervereinbarung}{section.2.3}% 20
\BOOKMARK [1][-]{section.2.4}{Planung}{chapter.2}% 21
\BOOKMARK [2][-]{subsection.2.4.1}{Projektstrukturplan}{section.2.4}% 22
\BOOKMARK [2][-]{subsection.2.4.2}{Meilensteine}{section.2.4}% 23
\BOOKMARK [2][-]{subsection.2.4.3}{Gant-Chart}{section.2.4}% 24
\BOOKMARK [2][-]{subsection.2.4.4}{Abnahmekriterien}{section.2.4}% 25
\BOOKMARK [2][-]{subsection.2.4.5}{Pl\344ne zur Evaluierung}{section.2.4}% 26
\BOOKMARK [2][-]{subsection.2.4.6}{Erg\344nzungen und zu kl\344rende Punkte}{section.2.4}% 27
\BOOKMARK [0][-]{chapter.3}{Vorstellung des Produktes}{}% 28
\BOOKMARK [0][-]{chapter.4}{Eingesetzte Technologien}{}% 29
\BOOKMARK [1][-]{section.4.1}{Technologie f\374r Webapp}{chapter.4}% 30
\BOOKMARK [1][-]{section.4.2}{Yii2}{chapter.4}% 31
\BOOKMARK [2][-]{subsection.4.2.1}{Was ist Yii}{section.4.2}% 32
\BOOKMARK [2][-]{subsection.4.2.2}{Alternativen f\374r Yii}{section.4.2}% 33
\BOOKMARK [2][-]{subsection.4.2.3}{Warum haben wir uns f\374r YII2 entschieden}{section.4.2}% 34
\BOOKMARK [1][-]{section.4.3}{Gas-Sensoren}{chapter.4}% 35
\BOOKMARK [2][-]{subsection.4.3.1}{MQ Gas Sensoren}{section.4.3}% 36
\BOOKMARK [2][-]{subsection.4.3.2}{Adafruit CCS811}{section.4.3}% 37
\BOOKMARK [0][-]{chapter.5}{Problemanalyse}{}% 38
\BOOKMARK [1][-]{section.5.1}{USE-Case-Analyse}{chapter.5}% 39
\BOOKMARK [1][-]{section.5.2}{Domain-Class-Modelling}{chapter.5}% 40
\BOOKMARK [1][-]{section.5.3}{User-Interface-Design}{chapter.5}% 41
\BOOKMARK [0][-]{chapter.6}{Systementwurf}{}% 42
\BOOKMARK [1][-]{section.6.1}{Architektur}{chapter.6}% 43
\BOOKMARK [2][-]{subsection.6.1.1}{Design der Komponenten}{section.6.1}% 44
\BOOKMARK [2][-]{subsection.6.1.2}{Benutzerschnittstellen}{section.6.1}% 45
\BOOKMARK [2][-]{subsection.6.1.3}{Datenhaltunskonzept}{section.6.1}% 46
\BOOKMARK [2][-]{subsection.6.1.4}{Konzept f\374r Ausnahmebehandlung}{section.6.1}% 47
\BOOKMARK [2][-]{subsection.6.1.5}{Sicherheitskonzept}{section.6.1}% 48
\BOOKMARK [2][-]{subsection.6.1.6}{Design der Testumgebung}{section.6.1}% 49
\BOOKMARK [2][-]{subsection.6.1.7}{Desing der Ausf\374hrungsumgebung}{section.6.1}% 50
\BOOKMARK [1][-]{section.6.2}{Detailentwurf}{chapter.6}% 51
\BOOKMARK [0][-]{chapter.7}{Implementierung}{}% 52
\BOOKMARK [1][-]{section.7.1}{Handy-App}{chapter.7}% 53
\BOOKMARK [0][-]{chapter.8}{Deployment}{}% 54
\BOOKMARK [0][-]{chapter.9}{Tests}{}% 55
\BOOKMARK [1][-]{section.9.1}{Systemtests}{chapter.9}% 56
\BOOKMARK [1][-]{section.9.2}{Akzeptanztests}{chapter.9}% 57
\BOOKMARK [0][-]{chapter.10}{Projektevaluation}{}% 58
\BOOKMARK [0][-]{chapter.11}{Benutzerhandbuch}{}% 59
\BOOKMARK [0][-]{chapter.12}{Betriebswirtschaftlicher Kontext}{}% 60
\BOOKMARK [0][-]{chapter.13}{Zusammenfassung}{}% 61
\BOOKMARK [0][-]{chapter.14}{Beispielkapitel}{}% 62
\BOOKMARK [1][-]{section.14.1}{Beispiele zitieren}{chapter.14}% 63
\BOOKMARK [2][-]{subsection.14.1.1}{Beispiele Abbildungen}{section.14.1}% 64
\BOOKMARK [1][-]{section.14.2}{Beispiele Listen}{chapter.14}% 65
\BOOKMARK [1][-]{section.14.3}{Beispiel Codesequenz}{chapter.14}% 66
\BOOKMARK [2][-]{subsection.14.3.1}{Quicksort in JAVA}{section.14.3}% 67
\BOOKMARK [1][-]{section.14.4}{Beispieltext}{chapter.14}% 68
\BOOKMARK [0][-]{chapter*.15}{Literaturverzeichnis}{}% 69
\BOOKMARK [1][-]{section.Alph0.1}{Anhang-Section}{chapter*.15}% 70
